# JRE version: OpenJDK Runtime Environment Corretto-17.0.9.8.1 (17.0.9+8) (build 17.0.9+8-LTS)
# Java VM: OpenJDK 64-Bit Server VM Corretto-17.0.9.8.1 (17.0.9+8-LTS, mixed mode, sharing, tiered, compressed oops, compressed class ptrs, g1 gc, windows-amd64)
GC Precious Log:
 CPUs: 8 total, 8 available
 Memory: 16108M
 Large Page Support: Disabled
 NUMA Support: Disabled
 Compressed Oops: Enabled (32-bit)
 Heap Region Size: 1M
 Heap Min Capacity: 256M
 Heap Initial Capacity: 256M
 Heap Max Capacity: 512M
 Pre-touch: Disabled
 Parallel Workers: 8
 Concurrent Workers: 2
 Concurrent Refinement Workers: 8
 Periodic GC: Disabled
Heap:
 garbage-first heap   total 262144K, used 63212K [0x00000000e0000000, 0x0000000100000000)
  region size 1024K, 32 young (32768K), 1 survivors (1024K)
 Metaspace       used 39725K, committed 40064K, reserved 393216K
  class space    used 5535K, committed 5696K, reserved 327680K
GC Heap History (12 events):
Event: 0.541 GC heap before
{Heap before GC invocations=0 (full 0):
 garbage-first heap   total 262144K, used 26624K [0x00000000e0000000, 0x0000000100000000)
  region size 1024K, 23 young (23552K), 0 survivors (0K)
 Metaspace       used 3057K, committed 3200K, reserved 393216K
  class space    used 392K, committed 448K, reserved 327680K
}
Event: 0.545 GC heap after
{Heap after GC invocations=1 (full 0):
 garbage-first heap   total 262144K, used 11004K [0x00000000e0000000, 0x0000000100000000)
  region size 1024K, 3 young (3072K), 3 survivors (3072K)
 Metaspace       used 3057K, committed 3200K, reserved 393216K
  class space    used 392K, committed 448K, reserved 327680K
}
Event: 1.056 GC heap before
{Heap before GC invocations=1 (full 0):
 garbage-first heap   total 262144K, used 39676K [0x00000000e0000000, 0x0000000100000000)
  region size 1024K, 31 young (31744K), 3 survivors (3072K)
 Metaspace       used 4013K, committed 4160K, reserved 393216K
  class space    used 494K, committed 576K, reserved 327680K
}
Event: 1.059 GC heap after
{Heap after GC invocations=2 (full 0):
 garbage-first heap   total 262144K, used 11454K [0x00000000e0000000, 0x0000000100000000)
  region size 1024K, 1 young (1024K), 1 survivors (1024K)
 Metaspace       used 4013K, committed 4160K, reserved 393216K
  class space    used 494K, committed 576K, reserved 327680K
}
Event: 3.345 GC heap before
{Heap before GC invocations=2 (full 0):
 garbage-first heap   total 262144K, used 130238K [0x00000000e0000000, 0x0000000100000000)
  region size 1024K, 117 young (119808K), 1 survivors (1024K)
 Metaspace       used 21212K, committed 21504K, reserved 393216K
  class space    used 3125K, committed 3264K, reserved 327680K
}
Event: 3.359 GC heap after
{Heap after GC invocations=3 (full 0):
 garbage-first heap   total 262144K, used 22478K [0x00000000e0000000, 0x0000000100000000)
  region size 1024K, 12 young (12288K), 12 survivors (12288K)
 Metaspace       used 21212K, committed 21504K, reserved 393216K
  class space    used 3125K, committed 3264K, reserved 327680K
}
Event: 5.801 GC heap before
{Heap before GC invocations=4 (full 0):
 garbage-first heap   total 262144K, used 141262K [0x00000000e0000000, 0x0000000100000000)
  region size 1024K, 125 young (128000K), 12 survivors (12288K)
 Metaspace       used 35585K, committed 35968K, reserved 393216K
  class space    used 4988K, committed 5184K, reserved 327680K
}
Event: 5.830 GC heap after
{Heap after GC invocations=5 (full 0):
 garbage-first heap   total 262144K, used 31938K [0x00000000e0000000, 0x0000000100000000)
  region size 1024K, 10 young (10240K), 10 survivors (10240K)
 Metaspace       used 35585K, committed 35968K, reserved 393216K
  class space    used 4988K, committed 5184K, reserved 327680K
}
Event: 5.954 GC heap before
{Heap before GC invocations=5 (full 0):
 garbage-first heap   total 262144K, used 33986K [0x00000000e0000000, 0x0000000100000000)
  region size 1024K, 12 young (12288K), 10 survivors (10240K)
 Metaspace       used 35866K, committed 36288K, reserved 393216K
  class space    used 5033K, committed 5248K, reserved 327680K
}
Event: 5.970 GC heap after
{Heap after GC invocations=6 (full 0):
 garbage-first heap   total 262144K, used 32383K [0x00000000e0000000, 0x0000000100000000)
  region size 1024K, 2 young (2048K), 2 survivors (2048K)
 Metaspace       used 35866K, committed 36288K, reserved 393216K
  class space    used 5033K, committed 5248K, reserved 327680K
}
Event: 5.973 GC heap before
{Heap before GC invocations=6 (full 0):
 garbage-first heap   total 262144K, used 32383K [0x00000000e0000000, 0x0000000100000000)
  region size 1024K, 3 young (3072K), 2 survivors (2048K)
 Metaspace       used 35904K, committed 36288K, reserved 393216K
  class space    used 5035K, committed 5248K, reserved 327680K
}
Event: 5.975 GC heap after
{Heap after GC invocations=7 (full 0):
 garbage-first heap   total 262144K, used 31468K [0x00000000e0000000, 0x0000000100000000)
  region size 1024K, 1 young (1024K), 1 survivors (1024K)
 Metaspace       used 35904K, committed 36288K, reserved 393216K
  class space    used 5035K, committed 5248K, reserved 327680K
}

